# JRE version: OpenJDK Runtime Environment GraalVM CE 22.3.0 (17.0.5+8) (build 17.0.5+8-jvmci-22.3-b08)
# Java VM: OpenJDK 64-Bit Server VM GraalVM CE 22.3.0 (17.0.5+8-jvmci-22.3-b08, mixed mode, sharing, tiered, jvmci, jvmci compiler, compressed oops, compressed class ptrs, parallel gc, linux-amd64)
GC Precious Log:
 CPUs: 8 total, 1 available
 Memory: 1024M
 Large Page Support: Disabled
 NUMA Support: Disabled
 Compressed Oops: Enabled (32-bit)
 Alignments: Space 512K, Generation 512K, Heap 2M
 Heap Min Capacity: 100M
 Heap Initial Capacity: 100M
 Heap Max Capacity: 512M
 Pre-touch: Disabled
 Parallel Workers: 1
Heap:
 PSYoungGen      total 27136K, used 19967K [0x00000000f5580000, 0x00000000f7b00000, 0x0000000100000000)
  eden space 19968K, 99% used [0x00000000f5580000,0x00000000f68ffff8,0x00000000f6900000)
  from space 7168K, 0% used [0x00000000f7400000,0x00000000f7400000,0x00000000f7b00000)
  to   space 8192K, 0% used [0x00000000f6900000,0x00000000f6900000,0x00000000f7100000)
 ParOldGen       total 349696K, used 349694K [0x00000000e0000000, 0x00000000f5580000, 0x00000000f5580000)
  object space 349696K, 99% used [0x00000000e0000000,0x00000000f557fb58,0x00000000f5580000)
 Metaspace       used 62073K, committed 63168K, reserved 1105920K
  class space    used 6062K, committed 6528K, reserved 1048576K
GC Heap History (20 events):
Event: 1263.056 GC heap before
{Heap before GC invocations=1162 (full 959):
 PSYoungGen      total 27136K, used 19967K [0x00000000f5580000, 0x00000000f7b00000, 0x0000000100000000)
  eden space 19968K, 99% used [0x00000000f5580000,0x00000000f68ffff8,0x00000000f6900000)
  from space 7168K, 0% used [0x00000000f7400000,0x00000000f7400000,0x00000000f7b00000)
  to   space 8192K, 0% used [0x00000000f6900000,0x00000000f6900000,0x00000000f7100000)
 ParOldGen       total 349696K, used 349695K [0x00000000e0000000, 0x00000000f5580000, 0x00000000f5580000)
  object space 349696K, 99% used [0x00000000e0000000,0x00000000f557ffd0,0x00000000f5580000)
 Metaspace       used 62073K, committed 63168K, reserved 1105920K
  class space    used 6062K, committed 6528K, reserved 1048576K
}
Event: 1264.119 GC heap after
{Heap after GC invocations=1162 (full 959):
 PSYoungGen      total 28160K, used 19967K [0x00000000f5580000, 0x00000000f7b00000, 0x0000000100000000)
  eden space 19968K, 99% used [0x00000000f5580000,0x00000000f68fffe0,0x00000000f6900000)
  from space 8192K, 0% used [0x00000000f6900000,0x00000000f6900000,0x00000000f7100000)
  to   space 7168K, 0% used [0x00000000f7400000,0x00000000f7400000,0x00000000f7b00000)
 ParOldGen       total 349696K, used 349695K [0x00000000e0000000, 0x00000000f5580000, 0x00000000f5580000)
  object space 349696K, 99% used [0x00000000e0000000,0x00000000f557fed8,0x00000000f5580000)
 Metaspace       used 62073K, committed 63168K, reserved 1105920K
  class space    used 6062K, committed 6528K, reserved 1048576K
}
Event: 1264.119 GC heap before
{Heap before GC invocations=1163 (full 960):
 PSYoungGen      total 28160K, used 19967K [0x00000000f5580000, 0x00000000f7b00000, 0x0000000100000000)
  eden space 19968K, 99% used [0x00000000f5580000,0x00000000f68ffff8,0x00000000f6900000)
  from space 8192K, 0% used [0x00000000f6900000,0x00000000f6900000,0x00000000f7100000)
  to   space 7168K, 0% used [0x00000000f7400000,0x00000000f7400000,0x00000000f7b00000)
 ParOldGen       total 349696K, used 349695K [0x00000000e0000000, 0x00000000f5580000, 0x00000000f5580000)
  object space 349696K, 99% used [0x00000000e0000000,0x00000000f557ffa0,0x00000000f5580000)
 Metaspace       used 62073K, committed 63168K, reserved 1105920K
  class space    used 6062K, committed 6528K, reserved 1048576K
}
Event: 1265.347 GC heap after
{Heap after GC invocations=1163 (full 960):
 PSYoungGen      total 27136K, used 19967K [0x00000000f5580000, 0x00000000f7b00000, 0x0000000100000000)
  eden space 19968K, 99% used [0x00000000f5580000,0x00000000f68ffff8,0x00000000f6900000)
  from space 7168K, 0% used [0x00000000f7400000,0x00000000f7400000,0x00000000f7b00000)
  to   space 8192K, 0% used [0x00000000f6900000,0x00000000f6900000,0x00000000f7100000)
 ParOldGen       total 349696K, used 349695K [0x00000000e0000000, 0x00000000f5580000, 0x00000000f5580000)
  object space 349696K, 99% used [0x00000000e0000000,0x00000000f557fed8,0x00000000f5580000)
 Metaspace       used 62073K, committed 63168K, reserved 1105920K
  class space    used 6062K, committed 6528K, reserved 1048576K
}
Event: 1265.347 GC heap before
{Heap before GC invocations=1164 (full 961):
 PSYoungGen      total 27136K, used 19967K [0x00000000f5580000, 0x00000000f7b00000, 0x0000000100000000)
  eden space 19968K, 99% used [0x00000000f5580000,0x00000000f68ffff8,0x00000000f6900000)
  from space 7168K, 0% used [0x00000000f7400000,0x00000000f7400000,0x00000000f7b00000)
  to   space 8192K, 0% used [0x00000000f6900000,0x00000000f6900000,0x00000000f7100000)
 ParOldGen       total 349696K, used 349695K [0x00000000e0000000, 0x00000000f5580000, 0x00000000f5580000)
  object space 349696K, 99% used [0x00000000e0000000,0x00000000f557fed8,0x00000000f5580000)
 Metaspace       used 62073K, committed 63168K, reserved 1105920K
  class space    used 6062K, committed 6528K, reserved 1048576K
}
Event: 1266.521 GC heap after
{Heap after GC invocations=1164 (full 961):
 PSYoungGen      total 28160K, used 19967K [0x00000000f5580000, 0x00000000f7b00000, 0x0000000100000000)
  eden space 19968K, 99% used [0x00000000f5580000,0x00000000f68ffff8,0x00000000f6900000)
  from space 8192K, 0% used [0x00000000f6900000,0x00000000f6900000,0x00000000f7100000)
  to   space 7168K, 0% used [0x00000000f7400000,0x00000000f7400000,0x00000000f7b00000)
 ParOldGen       total 349696K, used 349695K [0x00000000e0000000, 0x00000000f5580000, 0x00000000f5580000)
  object space 349696K, 99% used [0x00000000e0000000,0x00000000f557fed8,0x00000000f5580000)
 Metaspace       used 62073K, committed 63168K, reserved 1105920K
  class space    used 6062K, committed 6528K, reserved 1048576K
}
Event: 1266.522 GC heap before
{Heap before GC invocations=1165 (full 962):
 PSYoungGen      total 28160K, used 19967K [0x00000000f5580000, 0x00000000f7b00000, 0x0000000100000000)
  eden space 19968K, 99% used [0x00000000f5580000,0x00000000f68ffff8,0x00000000f6900000)
  from space 8192K, 0% used [0x00000000f6900000,0x00000000f6900000,0x00000000f7100000)
  to   space 7168K, 0% used [0x00000000f7400000,0x00000000f7400000,0x00000000f7b00000)
 ParOldGen       total 349696K, used 349695K [0x00000000e0000000, 0x00000000f5580000, 0x00000000f5580000)
  object space 349696K, 99% used [0x00000000e0000000,0x00000000f557fff8,0x00000000f5580000)
 Metaspace       used 62073K, committed 63168K, reserved 1105920K
  class space    used 6062K, committed 6528K, reserved 1048576K
}
Event: 1267.737 GC heap after
{Heap after GC invocations=1165 (full 962):
 PSYoungGen      total 27136K, used 19967K [0x00000000f5580000, 0x00000000f7b00000, 0x0000000100000000)
  eden space 19968K, 99% used [0x00000000f5580000,0x00000000f68fffd8,0x00000000f6900000)
  from space 7168K, 0% used [0x00000000f7400000,0x00000000f7400000,0x00000000f7b00000)
  to   space 8192K, 0% used [0x00000000f6900000,0x00000000f6900000,0x00000000f7100000)
 ParOldGen       total 349696K, used 349694K [0x00000000e0000000, 0x00000000f5580000, 0x00000000f5580000)
  object space 349696K, 99% used [0x00000000e0000000,0x00000000f557fa08,0x00000000f5580000)
 Metaspace       used 62073K, committed 63168K, reserved 1105920K
  class space    used 6062K, committed 6528K, reserved 1048576K
}
Event: 1267.738 GC heap before
{Heap before GC invocations=1166 (full 963):
 PSYoungGen      total 27136K, used 19968K [0x00000000f5580000, 0x00000000f7b00000, 0x0000000100000000)
  eden space 19968K, 100% used [0x00000000f5580000,0x00000000f6900000,0x00000000f6900000)
  from space 7168K, 0% used [0x00000000f7400000,0x00000000f7400000,0x00000000f7b00000)
  to   space 8192K, 0% used [0x00000000f6900000,0x00000000f6900000,0x00000000f7100000)
 ParOldGen       total 349696K, used 349695K [0x00000000e0000000, 0x00000000f5580000, 0x00000000f5580000)
  object space 349696K, 99% used [0x00000000e0000000,0x00000000f557ffd0,0x00000000f5580000)
 Metaspace       used 62073K, committed 63168K, reserved 1105920K
  class space    used 6062K, committed 6528K, reserved 1048576K
}
Event: 1268.905 GC heap after
{Heap after GC invocations=1166 (full 963):
 PSYoungGen      total 28160K, used 19967K [0x00000000f5580000, 0x00000000f7b00000, 0x0000000100000000)
  eden space 19968K, 99% used [0x00000000f5580000,0x00000000f68fffd8,0x00000000f6900000)
  from space 8192K, 0% used [0x00000000f6900000,0x00000000f6900000,0x00000000f7100000)
  to   space 7168K, 0% used [0x00000000f7400000,0x00000000f7400000,0x00000000f7b00000)
 ParOldGen       total 349696K, used 349695K [0x00000000e0000000, 0x00000000f5580000, 0x00000000f5580000)
  object space 349696K, 99% used [0x00000000e0000000,0x00000000f557fce0,0x00000000f5580000)
 Metaspace       used 62073K, committed 63168K, reserved 1105920K
  class space    used 6062K, committed 6528K, reserved 1048576K
}
Event: 1268.911 GC heap before
{Heap before GC invocations=1167 (full 964):
 PSYoungGen      total 28160K, used 19967K [0x00000000f5580000, 0x00000000f7b00000, 0x0000000100000000)
  eden space 19968K, 99% used [0x00000000f5580000,0x00000000f68ffff8,0x00000000f6900000)
  from space 8192K, 0% used [0x00000000f6900000,0x00000000f6900000,0x00000000f7100000)
  to   space 7168K, 0% used [0x00000000f7400000,0x00000000f7400000,0x00000000f7b00000)
 ParOldGen       total 349696K, used 349695K [0x00000000e0000000, 0x00000000f5580000, 0x00000000f5580000)
  object space 349696K, 99% used [0x00000000e0000000,0x00000000f557fe10,0x00000000f5580000)
 Metaspace       used 62073K, committed 63168K, reserved 1105920K
  class space    used 6062K, committed 6528K, reserved 1048576K
}
Event: 1270.095 GC heap after
{Heap after GC invocations=1167 (full 964):
 PSYoungGen      total 27136K, used 19967K [0x00000000f5580000, 0x00000000f7b00000, 0x0000000100000000)
  eden space 19968K, 99% used [0x00000000f5580000,0x00000000f68ffff8,0x00000000f6900000)
  from space 7168K, 0% used [0x00000000f7400000,0x00000000f7400000,0x00000000f7b00000)
  to   space 8192K, 0% used [0x00000000f6900000,0x00000000f6900000,0x00000000f7100000)
 ParOldGen       total 349696K, used 349695K [0x00000000e0000000, 0x00000000f5580000, 0x00000000f5580000)
  object space 349696K, 99% used [0x00000000e0000000,0x00000000f557fcc8,0x00000000f5580000)
 Metaspace       used 62073K, committed 63168K, reserved 1105920K
  class space    used 6062K, committed 6528K, reserved 1048576K
}
Event: 1270.098 GC heap before
{Heap before GC invocations=1168 (full 965):
 PSYoungGen      total 27136K, used 19967K [0x00000000f5580000, 0x00000000f7b00000, 0x0000000100000000)
  eden space 19968K, 99% used [0x00000000f5580000,0x00000000f68ffff8,0x00000000f6900000)
  from space 7168K, 0% used [0x00000000f7400000,0x00000000f7400000,0x00000000f7b00000)
  to   space 8192K, 0% used [0x00000000f6900000,0x00000000f6900000,0x00000000f7100000)
 ParOldGen       total 349696K, used 349696K [0x00000000e0000000, 0x00000000f5580000, 0x00000000f5580000)
  object space 349696K, 100% used [0x00000000e0000000,0x00000000f5580000,0x00000000f5580000)
 Metaspace       used 62073K, committed 63168K, reserved 1105920K
  class space    used 6062K, committed 6528K, reserved 1048576K
}
Event: 1271.320 GC heap after
{Heap after GC invocations=1168 (full 965):
 PSYoungGen      total 28160K, used 19967K [0x00000000f5580000, 0x00000000f7b00000, 0x0000000100000000)
  eden space 19968K, 99% used [0x00000000f5580000,0x00000000f68fffa0,0x00000000f6900000)
  from space 8192K, 0% used [0x00000000f6900000,0x00000000f6900000,0x00000000f7100000)
  to   space 7168K, 0% used [0x00000000f7400000,0x00000000f7400000,0x00000000f7b00000)
 ParOldGen       total 349696K, used 349694K [0x00000000e0000000, 0x00000000f5580000, 0x00000000f5580000)
  object space 349696K, 99% used [0x00000000e0000000,0x00000000f557f948,0x00000000f5580000)
 Metaspace       used 62073K, committed 63168K, reserved 1105920K
  class space    used 6062K, committed 6528K, reserved 1048576K
}
Event: 1271.320 GC heap before
{Heap before GC invocations=1169 (full 966):
 PSYoungGen      total 28160K, used 19967K [0x00000000f5580000, 0x00000000f7b00000, 0x0000000100000000)
  eden space 19968K, 99% used [0x00000000f5580000,0x00000000f68ffff8,0x00000000f6900000)
  from space 8192K, 0% used [0x00000000f6900000,0x00000000f6900000,0x00000000f7100000)
  to   space 7168K, 0% used [0x00000000f7400000,0x00000000f7400000,0x00000000f7b00000)
 ParOldGen       total 349696K, used 349694K [0x00000000e0000000, 0x00000000f5580000, 0x00000000f5580000)
  object space 349696K, 99% used [0x00000000e0000000,0x00000000f557f948,0x00000000f5580000)
 Metaspace       used 62073K, committed 63168K, reserved 1105920K
  class space    used 6062K, committed 6528K, reserved 1048576K
}
Event: 1272.506 GC heap after
{Heap after GC invocations=1169 (full 966):
 PSYoungGen      total 27136K, used 19967K [0x00000000f5580000, 0x00000000f7b00000, 0x0000000100000000)
  eden space 19968K, 99% used [0x00000000f5580000,0x00000000f68ffff8,0x00000000f6900000)
  from space 7168K, 0% used [0x00000000f7400000,0x00000000f7400000,0x00000000f7b00000)
  to   space 8192K, 0% used [0x00000000f6900000,0x00000000f6900000,0x00000000f7100000)
 ParOldGen       total 349696K, used 349694K [0x00000000e0000000, 0x00000000f5580000, 0x00000000f5580000)
  object space 349696K, 99% used [0x00000000e0000000,0x00000000f557f948,0x00000000f5580000)
 Metaspace       used 62073K, committed 63168K, reserved 1105920K
  class space    used 6062K, committed 6528K, reserved 1048576K
}
Event: 1272.512 GC heap before
{Heap before GC invocations=1170 (full 967):
 PSYoungGen      total 27136K, used 19967K [0x00000000f5580000, 0x00000000f7b00000, 0x0000000100000000)
  eden space 19968K, 99% used [0x00000000f5580000,0x00000000f68ffff8,0x00000000f6900000)
  from space 7168K, 0% used [0x00000000f7400000,0x00000000f7400000,0x00000000f7b00000)
  to   space 8192K, 0% used [0x00000000f6900000,0x00000000f6900000,0x00000000f7100000)
 ParOldGen       total 349696K, used 349694K [0x00000000e0000000, 0x00000000f5580000, 0x00000000f5580000)
  object space 349696K, 99% used [0x00000000e0000000,0x00000000f557fb58,0x00000000f5580000)
 Metaspace       used 62073K, committed 63168K, reserved 1105920K
  class space    used 6062K, committed 6528K, reserved 1048576K
}
Event: 1273.707 GC heap after
{Heap after GC invocations=1170 (full 967):
 PSYoungGen      total 28160K, used 19967K [0x00000000f5580000, 0x00000000f7b00000, 0x0000000100000000)
  eden space 19968K, 99% used [0x00000000f5580000,0x00000000f68ffff8,0x00000000f6900000)
  from space 8192K, 0% used [0x00000000f6900000,0x00000000f6900000,0x00000000f7100000)
  to   space 7168K, 0% used [0x00000000f7400000,0x00000000f7400000,0x00000000f7b00000)
 ParOldGen       total 349696K, used 349693K [0x00000000e0000000, 0x00000000f5580000, 0x00000000f5580000)
  object space 349696K, 99% used [0x00000000e0000000,0x00000000f557f4b0,0x00000000f5580000)
 Metaspace       used 62073K, committed 63168K, reserved 1105920K
  class space    used 6062K, committed 6528K, reserved 1048576K
}
Event: 1273.707 GC heap before
{Heap before GC invocations=1171 (full 968):
 PSYoungGen      total 28160K, used 19967K [0x00000000f5580000, 0x00000000f7b00000, 0x0000000100000000)
  eden space 19968K, 99% used [0x00000000f5580000,0x00000000f68ffff8,0x00000000f6900000)
  from space 8192K, 0% used [0x00000000f6900000,0x00000000f6900000,0x00000000f7100000)
  to   space 7168K, 0% used [0x00000000f7400000,0x00000000f7400000,0x00000000f7b00000)
 ParOldGen       total 349696K, used 349693K [0x00000000e0000000, 0x00000000f5580000, 0x00000000f5580000)
  object space 349696K, 99% used [0x00000000e0000000,0x00000000f557f4b0,0x00000000f5580000)
 Metaspace       used 62073K, committed 63168K, reserved 1105920K
  class space    used 6062K, committed 6528K, reserved 1048576K
}
Event: 1274.894 GC heap after
{Heap after GC invocations=1171 (full 968):
 PSYoungGen      total 27136K, used 19967K [0x00000000f5580000, 0x00000000f7b00000, 0x0000000100000000)
  eden space 19968K, 99% used [0x00000000f5580000,0x00000000f68ffff8,0x00000000f6900000)
  from space 7168K, 0% used [0x00000000f7400000,0x00000000f7400000,0x00000000f7b00000)
  to   space 8192K, 0% used [0x00000000f6900000,0x00000000f6900000,0x00000000f7100000)
 ParOldGen       total 349696K, used 349693K [0x00000000e0000000, 0x00000000f5580000, 0x00000000f5580000)
  object space 349696K, 99% used [0x00000000e0000000,0x00000000f557f4b0,0x00000000f5580000)
 Metaspace       used 62073K, committed 63168K, reserved 1105920K
  class space    used 6062K, committed 6528K, reserved 1048576K
}

