# JRE version: OpenJDK Runtime Environment GraalVM CE 22.3.0 (17.0.5+8) (build 17.0.5+8-jvmci-22.3-b08)
# Java VM: OpenJDK 64-Bit Server VM GraalVM CE 22.3.0 (17.0.5+8-jvmci-22.3-b08, mixed mode, sharing, tiered, jvmci, jvmci compiler, compressed oops, compressed class ptrs, parallel gc, linux-amd64)
GC Precious Log:
 CPUs: 8 total, 1 available
 Memory: 1024M
 Large Page Support: Disabled
 NUMA Support: Disabled
 Compressed Oops: Enabled (32-bit)
 Alignments: Space 512K, Generation 512K, Heap 2M
 Heap Min Capacity: 100M
 Heap Initial Capacity: 100M
 Heap Max Capacity: 512M
 Pre-touch: Disabled
 Parallel Workers: 1
Heap:
 PSYoungGen      total 28160K, used 23040K [0x00000000f5580000, 0x00000000f7700000, 0x0000000100000000)
  eden space 23040K, 100% used [0x00000000f5580000,0x00000000f6c00000,0x00000000f6c00000)
  from space 5120K, 0% used [0x00000000f7200000,0x00000000f7200000,0x00000000f7700000)
  to   space 5120K, 0% used [0x00000000f6c00000,0x00000000f6c00000,0x00000000f7100000)
 ParOldGen       total 349696K, used 349695K [0x00000000e0000000, 0x00000000f5580000, 0x00000000f5580000)
  object space 349696K, 99% used [0x00000000e0000000,0x00000000f557fe50,0x00000000f5580000)
 Metaspace       used 64590K, committed 65856K, reserved 1114112K
  class space    used 6319K, committed 6784K, reserved 1048576K
GC Heap History (20 events):
Event: 310.865 GC heap before
{Heap before GC invocations=339 (full 193):
 PSYoungGen      total 28160K, used 23040K [0x00000000f5580000, 0x00000000f7700000, 0x0000000100000000)
  eden space 23040K, 100% used [0x00000000f5580000,0x00000000f6c00000,0x00000000f6c00000)
  from space 5120K, 0% used [0x00000000f7200000,0x00000000f7200000,0x00000000f7700000)
  to   space 5120K, 0% used [0x00000000f6c00000,0x00000000f6c00000,0x00000000f7100000)
 ParOldGen       total 349696K, used 349672K [0x00000000e0000000, 0x00000000f5580000, 0x00000000f5580000)
  object space 349696K, 99% used [0x00000000e0000000,0x00000000f557a190,0x00000000f5580000)
 Metaspace       used 64590K, committed 65856K, reserved 1114112K
  class space    used 6319K, committed 6784K, reserved 1048576K
}
Event: 313.916 GC heap after
{Heap after GC invocations=339 (full 193):
 PSYoungGen      total 28160K, used 23040K [0x00000000f5580000, 0x00000000f7700000, 0x0000000100000000)
  eden space 23040K, 100% used [0x00000000f5580000,0x00000000f6c00000,0x00000000f6c00000)
  from space 5120K, 0% used [0x00000000f6c00000,0x00000000f6c00000,0x00000000f7100000)
  to   space 5120K, 0% used [0x00000000f7200000,0x00000000f7200000,0x00000000f7700000)
 ParOldGen       total 349696K, used 349672K [0x00000000e0000000, 0x00000000f5580000, 0x00000000f5580000)
  object space 349696K, 99% used [0x00000000e0000000,0x00000000f557a190,0x00000000f5580000)
 Metaspace       used 64590K, committed 65856K, reserved 1114112K
  class space    used 6319K, committed 6784K, reserved 1048576K
}
Event: 313.917 GC heap before
{Heap before GC invocations=340 (full 194):
 PSYoungGen      total 28160K, used 23040K [0x00000000f5580000, 0x00000000f7700000, 0x0000000100000000)
  eden space 23040K, 100% used [0x00000000f5580000,0x00000000f6c00000,0x00000000f6c00000)
  from space 5120K, 0% used [0x00000000f6c00000,0x00000000f6c00000,0x00000000f7100000)
  to   space 5120K, 0% used [0x00000000f7200000,0x00000000f7200000,0x00000000f7700000)
 ParOldGen       total 349696K, used 349674K [0x00000000e0000000, 0x00000000f5580000, 0x00000000f5580000)
  object space 349696K, 99% used [0x00000000e0000000,0x00000000f557aa00,0x00000000f5580000)
 Metaspace       used 64590K, committed 65856K, reserved 1114112K
  class space    used 6319K, committed 6784K, reserved 1048576K
}
Event: 315.197 GC heap after
{Heap after GC invocations=340 (full 194):
 PSYoungGen      total 28160K, used 23039K [0x00000000f5580000, 0x00000000f7700000, 0x0000000100000000)
  eden space 23040K, 99% used [0x00000000f5580000,0x00000000f6bffe78,0x00000000f6c00000)
  from space 5120K, 0% used [0x00000000f7200000,0x00000000f7200000,0x00000000f7700000)
  to   space 5120K, 0% used [0x00000000f6c00000,0x00000000f6c00000,0x00000000f7100000)
 ParOldGen       total 349696K, used 349674K [0x00000000e0000000, 0x00000000f5580000, 0x00000000f5580000)
  object space 349696K, 99% used [0x00000000e0000000,0x00000000f557a8c0,0x00000000f5580000)
 Metaspace       used 64590K, committed 65856K, reserved 1114112K
  class space    used 6319K, committed 6784K, reserved 1048576K
}
Event: 315.197 GC heap before
{Heap before GC invocations=341 (full 195):
 PSYoungGen      total 28160K, used 23039K [0x00000000f5580000, 0x00000000f7700000, 0x0000000100000000)
  eden space 23040K, 99% used [0x00000000f5580000,0x00000000f6bffff0,0x00000000f6c00000)
  from space 5120K, 0% used [0x00000000f7200000,0x00000000f7200000,0x00000000f7700000)
  to   space 5120K, 0% used [0x00000000f6c00000,0x00000000f6c00000,0x00000000f7100000)
 ParOldGen       total 349696K, used 349674K [0x00000000e0000000, 0x00000000f5580000, 0x00000000f5580000)
  object space 349696K, 99% used [0x00000000e0000000,0x00000000f557a8c0,0x00000000f5580000)
 Metaspace       used 64590K, committed 65856K, reserved 1114112K
  class space    used 6319K, committed 6784K, reserved 1048576K
}
Event: 316.501 GC heap after
{Heap after GC invocations=341 (full 195):
 PSYoungGen      total 28160K, used 23039K [0x00000000f5580000, 0x00000000f7700000, 0x0000000100000000)
  eden space 23040K, 99% used [0x00000000f5580000,0x00000000f6bfffe0,0x00000000f6c00000)
  from space 5120K, 0% used [0x00000000f6c00000,0x00000000f6c00000,0x00000000f7100000)
  to   space 5120K, 0% used [0x00000000f7200000,0x00000000f7200000,0x00000000f7700000)
 ParOldGen       total 349696K, used 349674K [0x00000000e0000000, 0x00000000f5580000, 0x00000000f5580000)
  object space 349696K, 99% used [0x00000000e0000000,0x00000000f557a8c0,0x00000000f5580000)
 Metaspace       used 64590K, committed 65856K, reserved 1114112K
  class space    used 6319K, committed 6784K, reserved 1048576K
}
Event: 316.505 GC heap before
{Heap before GC invocations=342 (full 196):
 PSYoungGen      total 28160K, used 23039K [0x00000000f5580000, 0x00000000f7700000, 0x0000000100000000)
  eden space 23040K, 99% used [0x00000000f5580000,0x00000000f6bffff8,0x00000000f6c00000)
  from space 5120K, 0% used [0x00000000f6c00000,0x00000000f6c00000,0x00000000f7100000)
  to   space 5120K, 0% used [0x00000000f7200000,0x00000000f7200000,0x00000000f7700000)
 ParOldGen       total 349696K, used 349674K [0x00000000e0000000, 0x00000000f5580000, 0x00000000f5580000)
  object space 349696K, 99% used [0x00000000e0000000,0x00000000f557a8c0,0x00000000f5580000)
 Metaspace       used 64590K, committed 65856K, reserved 1114112K
  class space    used 6319K, committed 6784K, reserved 1048576K
}
Event: 317.694 GC heap after
{Heap after GC invocations=342 (full 196):
 PSYoungGen      total 28160K, used 23039K [0x00000000f5580000, 0x00000000f7700000, 0x0000000100000000)
  eden space 23040K, 99% used [0x00000000f5580000,0x00000000f6bffff8,0x00000000f6c00000)
  from space 5120K, 0% used [0x00000000f7200000,0x00000000f7200000,0x00000000f7700000)
  to   space 5120K, 0% used [0x00000000f6c00000,0x00000000f6c00000,0x00000000f7100000)
 ParOldGen       total 349696K, used 349674K [0x00000000e0000000, 0x00000000f5580000, 0x00000000f5580000)
  object space 349696K, 99% used [0x00000000e0000000,0x00000000f557a8c0,0x00000000f5580000)
 Metaspace       used 64590K, committed 65856K, reserved 1114112K
  class space    used 6319K, committed 6784K, reserved 1048576K
}
Event: 317.694 GC heap before
{Heap before GC invocations=343 (full 197):
 PSYoungGen      total 28160K, used 23039K [0x00000000f5580000, 0x00000000f7700000, 0x0000000100000000)
  eden space 23040K, 99% used [0x00000000f5580000,0x00000000f6bffff8,0x00000000f6c00000)
  from space 5120K, 0% used [0x00000000f7200000,0x00000000f7200000,0x00000000f7700000)
  to   space 5120K, 0% used [0x00000000f6c00000,0x00000000f6c00000,0x00000000f7100000)
 ParOldGen       total 349696K, used 349690K [0x00000000e0000000, 0x00000000f5580000, 0x00000000f5580000)
  object space 349696K, 99% used [0x00000000e0000000,0x00000000f557eb88,0x00000000f5580000)
 Metaspace       used 64590K, committed 65856K, reserved 1114112K
  class space    used 6319K, committed 6784K, reserved 1048576K
}
Event: 319.013 GC heap after
{Heap after GC invocations=343 (full 197):
 PSYoungGen      total 28160K, used 23039K [0x00000000f5580000, 0x00000000f7700000, 0x0000000100000000)
  eden space 23040K, 99% used [0x00000000f5580000,0x00000000f6bfffe0,0x00000000f6c00000)
  from space 5120K, 0% used [0x00000000f6c00000,0x00000000f6c00000,0x00000000f7100000)
  to   space 5120K, 0% used [0x00000000f7200000,0x00000000f7200000,0x00000000f7700000)
 ParOldGen       total 349696K, used 349688K [0x00000000e0000000, 0x00000000f5580000, 0x00000000f5580000)
  object space 349696K, 99% used [0x00000000e0000000,0x00000000f557e3a8,0x00000000f5580000)
 Metaspace       used 64590K, committed 65856K, reserved 1114112K
  class space    used 6319K, committed 6784K, reserved 1048576K
}
Event: 319.016 GC heap before
{Heap before GC invocations=344 (full 198):
 PSYoungGen      total 28160K, used 23040K [0x00000000f5580000, 0x00000000f7700000, 0x0000000100000000)
  eden space 23040K, 100% used [0x00000000f5580000,0x00000000f6c00000,0x00000000f6c00000)
  from space 5120K, 0% used [0x00000000f6c00000,0x00000000f6c00000,0x00000000f7100000)
  to   space 5120K, 0% used [0x00000000f7200000,0x00000000f7200000,0x00000000f7700000)
 ParOldGen       total 349696K, used 349695K [0x00000000e0000000, 0x00000000f5580000, 0x00000000f5580000)
  object space 349696K, 99% used [0x00000000e0000000,0x00000000f557fff0,0x00000000f5580000)
 Metaspace       used 64590K, committed 65856K, reserved 1114112K
  class space    used 6319K, committed 6784K, reserved 1048576K
}
Event: 320.307 GC heap after
{Heap after GC invocations=344 (full 198):
 PSYoungGen      total 28160K, used 23039K [0x00000000f5580000, 0x00000000f7700000, 0x0000000100000000)
  eden space 23040K, 99% used [0x00000000f5580000,0x00000000f6bfffc8,0x00000000f6c00000)
  from space 5120K, 0% used [0x00000000f7200000,0x00000000f7200000,0x00000000f7700000)
  to   space 5120K, 0% used [0x00000000f6c00000,0x00000000f6c00000,0x00000000f7100000)
 ParOldGen       total 349696K, used 349695K [0x00000000e0000000, 0x00000000f5580000, 0x00000000f5580000)
  object space 349696K, 99% used [0x00000000e0000000,0x00000000f557fdf8,0x00000000f5580000)
 Metaspace       used 64590K, committed 65856K, reserved 1114112K
  class space    used 6319K, committed 6784K, reserved 1048576K
}
Event: 320.309 GC heap before
{Heap before GC invocations=345 (full 199):
 PSYoungGen      total 28160K, used 23040K [0x00000000f5580000, 0x00000000f7700000, 0x0000000100000000)
  eden space 23040K, 100% used [0x00000000f5580000,0x00000000f6c00000,0x00000000f6c00000)
  from space 5120K, 0% used [0x00000000f7200000,0x00000000f7200000,0x00000000f7700000)
  to   space 5120K, 0% used [0x00000000f6c00000,0x00000000f6c00000,0x00000000f7100000)
 ParOldGen       total 349696K, used 349695K [0x00000000e0000000, 0x00000000f5580000, 0x00000000f5580000)
  object space 349696K, 99% used [0x00000000e0000000,0x00000000f557fdf8,0x00000000f5580000)
 Metaspace       used 64590K, committed 65856K, reserved 1114112K
  class space    used 6319K, committed 6784K, reserved 1048576K
}
Event: 321.577 GC heap after
{Heap after GC invocations=345 (full 199):
 PSYoungGen      total 28160K, used 23040K [0x00000000f5580000, 0x00000000f7700000, 0x0000000100000000)
  eden space 23040K, 100% used [0x00000000f5580000,0x00000000f6c00000,0x00000000f6c00000)
  from space 5120K, 0% used [0x00000000f6c00000,0x00000000f6c00000,0x00000000f7100000)
  to   space 5120K, 0% used [0x00000000f7200000,0x00000000f7200000,0x00000000f7700000)
 ParOldGen       total 349696K, used 349695K [0x00000000e0000000, 0x00000000f5580000, 0x00000000f5580000)
  object space 349696K, 99% used [0x00000000e0000000,0x00000000f557fdf8,0x00000000f5580000)
 Metaspace       used 64590K, committed 65856K, reserved 1114112K
  class space    used 6319K, committed 6784K, reserved 1048576K
}
Event: 321.578 GC heap before
{Heap before GC invocations=346 (full 200):
 PSYoungGen      total 28160K, used 23040K [0x00000000f5580000, 0x00000000f7700000, 0x0000000100000000)
  eden space 23040K, 100% used [0x00000000f5580000,0x00000000f6c00000,0x00000000f6c00000)
  from space 5120K, 0% used [0x00000000f6c00000,0x00000000f6c00000,0x00000000f7100000)
  to   space 5120K, 0% used [0x00000000f7200000,0x00000000f7200000,0x00000000f7700000)
 ParOldGen       total 349696K, used 349695K [0x00000000e0000000, 0x00000000f5580000, 0x00000000f5580000)
  object space 349696K, 99% used [0x00000000e0000000,0x00000000f557fff8,0x00000000f5580000)
 Metaspace       used 64590K, committed 65856K, reserved 1114112K
  class space    used 6319K, committed 6784K, reserved 1048576K
}
Event: 322.977 GC heap after
{Heap after GC invocations=346 (full 200):
 PSYoungGen      total 28160K, used 23040K [0x00000000f5580000, 0x00000000f7700000, 0x0000000100000000)
  eden space 23040K, 100% used [0x00000000f5580000,0x00000000f6c00000,0x00000000f6c00000)
  from space 5120K, 0% used [0x00000000f7200000,0x00000000f7200000,0x00000000f7700000)
  to   space 5120K, 0% used [0x00000000f6c00000,0x00000000f6c00000,0x00000000f7100000)
 ParOldGen       total 349696K, used 349695K [0x00000000e0000000, 0x00000000f5580000, 0x00000000f5580000)
  object space 349696K, 99% used [0x00000000e0000000,0x00000000f557fe18,0x00000000f5580000)
 Metaspace       used 64590K, committed 65856K, reserved 1114112K
  class space    used 6319K, committed 6784K, reserved 1048576K
}
Event: 322.978 GC heap before
{Heap before GC invocations=347 (full 201):
 PSYoungGen      total 28160K, used 23040K [0x00000000f5580000, 0x00000000f7700000, 0x0000000100000000)
  eden space 23040K, 100% used [0x00000000f5580000,0x00000000f6c00000,0x00000000f6c00000)
  from space 5120K, 0% used [0x00000000f7200000,0x00000000f7200000,0x00000000f7700000)
  to   space 5120K, 0% used [0x00000000f6c00000,0x00000000f6c00000,0x00000000f7100000)
 ParOldGen       total 349696K, used 349695K [0x00000000e0000000, 0x00000000f5580000, 0x00000000f5580000)
  object space 349696K, 99% used [0x00000000e0000000,0x00000000f557fec8,0x00000000f5580000)
 Metaspace       used 64590K, committed 65856K, reserved 1114112K
  class space    used 6319K, committed 6784K, reserved 1048576K
}
Event: 324.171 GC heap after
{Heap after GC invocations=347 (full 201):
 PSYoungGen      total 28160K, used 23040K [0x00000000f5580000, 0x00000000f7700000, 0x0000000100000000)
  eden space 23040K, 100% used [0x00000000f5580000,0x00000000f6c00000,0x00000000f6c00000)
  from space 5120K, 0% used [0x00000000f6c00000,0x00000000f6c00000,0x00000000f7100000)
  to   space 5120K, 0% used [0x00000000f7200000,0x00000000f7200000,0x00000000f7700000)
 ParOldGen       total 349696K, used 349695K [0x00000000e0000000, 0x00000000f5580000, 0x00000000f5580000)
  object space 349696K, 99% used [0x00000000e0000000,0x00000000f557fe18,0x00000000f5580000)
 Metaspace       used 64590K, committed 65856K, reserved 1114112K
  class space    used 6319K, committed 6784K, reserved 1048576K
}
Event: 324.171 GC heap before
{Heap before GC invocations=348 (full 202):
 PSYoungGen      total 28160K, used 23040K [0x00000000f5580000, 0x00000000f7700000, 0x0000000100000000)
  eden space 23040K, 100% used [0x00000000f5580000,0x00000000f6c00000,0x00000000f6c00000)
  from space 5120K, 0% used [0x00000000f6c00000,0x00000000f6c00000,0x00000000f7100000)
  to   space 5120K, 0% used [0x00000000f7200000,0x00000000f7200000,0x00000000f7700000)
 ParOldGen       total 349696K, used 349695K [0x00000000e0000000, 0x00000000f5580000, 0x00000000f5580000)
  object space 349696K, 99% used [0x00000000e0000000,0x00000000f557fe18,0x00000000f5580000)
 Metaspace       used 64590K, committed 65856K, reserved 1114112K
  class space    used 6319K, committed 6784K, reserved 1048576K
}
Event: 325.417 GC heap after
{Heap after GC invocations=348 (full 202):
 PSYoungGen      total 28160K, used 23040K [0x00000000f5580000, 0x00000000f7700000, 0x0000000100000000)
  eden space 23040K, 100% used [0x00000000f5580000,0x00000000f6c00000,0x00000000f6c00000)
  from space 5120K, 0% used [0x00000000f7200000,0x00000000f7200000,0x00000000f7700000)
  to   space 5120K, 0% used [0x00000000f6c00000,0x00000000f6c00000,0x00000000f7100000)
 ParOldGen       total 349696K, used 349694K [0x00000000e0000000, 0x00000000f5580000, 0x00000000f5580000)
  object space 349696K, 99% used [0x00000000e0000000,0x00000000f557fb78,0x00000000f5580000)
 Metaspace       used 64590K, committed 65856K, reserved 1114112K
  class space    used 6319K, committed 6784K, reserved 1048576K
}

