# JRE version: OpenJDK Runtime Environment GraalVM CE 22.3.0 (17.0.5+8) (build 17.0.5+8-jvmci-22.3-b08)
# Java VM: OpenJDK 64-Bit Server VM GraalVM CE 22.3.0 (17.0.5+8-jvmci-22.3-b08, mixed mode, sharing, tiered, jvmci, jvmci compiler, compressed oops, compressed class ptrs, parallel gc, linux-amd64)
GC Precious Log:
 CPUs: 8 total, 1 available
 Memory: 1024M
 Large Page Support: Disabled
 NUMA Support: Disabled
 Compressed Oops: Enabled (32-bit)
 Alignments: Space 512K, Generation 512K, Heap 2M
 Heap Min Capacity: 100M
 Heap Initial Capacity: 100M
 Heap Max Capacity: 512M
 Pre-touch: Disabled
 Parallel Workers: 1
Heap:
 PSYoungGen      total 61952K, used 45567K [0x00000000f5580000, 0x00000000fa400000, 0x0000000100000000)
  eden space 45568K, 99% used [0x00000000f5580000,0x00000000f81ffff8,0x00000000f8200000)
  from space 16384K, 0% used [0x00000000f8200000,0x00000000f8200000,0x00000000f9200000)
  to   space 15360K, 0% used [0x00000000f9300000,0x00000000f9300000,0x00000000fa200000)
 ParOldGen       total 349696K, used 349695K [0x00000000e0000000, 0x00000000f5580000, 0x00000000f5580000)
  object space 349696K, 99% used [0x00000000e0000000,0x00000000f557fc00,0x00000000f5580000)
 Metaspace       used 59171K, committed 60096K, reserved 1105920K
  class space    used 5656K, committed 6144K, reserved 1048576K
GC Heap History (20 events):
Event: 600.964 GC heap before
{Heap before GC invocations=369 (full 280):
 PSYoungGen      total 61952K, used 45567K [0x00000000f5580000, 0x00000000fa400000, 0x0000000100000000)
  eden space 45568K, 99% used [0x00000000f5580000,0x00000000f81ffff8,0x00000000f8200000)
  from space 16384K, 0% used [0x00000000f8200000,0x00000000f8200000,0x00000000f9200000)
  to   space 15360K, 0% used [0x00000000f9300000,0x00000000f9300000,0x00000000fa200000)
 ParOldGen       total 349696K, used 349689K [0x00000000e0000000, 0x00000000f5580000, 0x00000000f5580000)
  object space 349696K, 99% used [0x00000000e0000000,0x00000000f557e608,0x00000000f5580000)
 Metaspace       used 59171K, committed 60096K, reserved 1105920K
  class space    used 5656K, committed 6144K, reserved 1048576K
}
Event: 602.549 GC heap after
{Heap after GC invocations=369 (full 280):
 PSYoungGen      total 60928K, used 45567K [0x00000000f5580000, 0x00000000fa400000, 0x0000000100000000)
  eden space 45568K, 99% used [0x00000000f5580000,0x00000000f81fff20,0x00000000f8200000)
  from space 15360K, 0% used [0x00000000f9300000,0x00000000f9300000,0x00000000fa200000)
  to   space 16384K, 0% used [0x00000000f8200000,0x00000000f8200000,0x00000000f9200000)
 ParOldGen       total 349696K, used 349689K [0x00000000e0000000, 0x00000000f5580000, 0x00000000f5580000)
  object space 349696K, 99% used [0x00000000e0000000,0x00000000f557e538,0x00000000f5580000)
 Metaspace       used 59171K, committed 60096K, reserved 1105920K
  class space    used 5656K, committed 6144K, reserved 1048576K
}
Event: 602.549 GC heap before
{Heap before GC invocations=370 (full 281):
 PSYoungGen      total 60928K, used 45567K [0x00000000f5580000, 0x00000000fa400000, 0x0000000100000000)
  eden space 45568K, 99% used [0x00000000f5580000,0x00000000f81fffe8,0x00000000f8200000)
  from space 15360K, 0% used [0x00000000f9300000,0x00000000f9300000,0x00000000fa200000)
  to   space 16384K, 0% used [0x00000000f8200000,0x00000000f8200000,0x00000000f9200000)
 ParOldGen       total 349696K, used 349689K [0x00000000e0000000, 0x00000000f5580000, 0x00000000f5580000)
  object space 349696K, 99% used [0x00000000e0000000,0x00000000f557e538,0x00000000f5580000)
 Metaspace       used 59171K, committed 60096K, reserved 1105920K
  class space    used 5656K, committed 6144K, reserved 1048576K
}
Event: 603.940 GC heap after
{Heap after GC invocations=370 (full 281):
 PSYoungGen      total 61952K, used 45567K [0x00000000f5580000, 0x00000000fa400000, 0x0000000100000000)
  eden space 45568K, 99% used [0x00000000f5580000,0x00000000f81fffb8,0x00000000f8200000)
  from space 16384K, 0% used [0x00000000f8200000,0x00000000f8200000,0x00000000f9200000)
  to   space 15360K, 0% used [0x00000000f9300000,0x00000000f9300000,0x00000000fa200000)
 ParOldGen       total 349696K, used 349689K [0x00000000e0000000, 0x00000000f5580000, 0x00000000f5580000)
  object space 349696K, 99% used [0x00000000e0000000,0x00000000f557e538,0x00000000f5580000)
 Metaspace       used 59171K, committed 60096K, reserved 1105920K
  class space    used 5656K, committed 6144K, reserved 1048576K
}
Event: 603.942 GC heap before
{Heap before GC invocations=371 (full 282):
 PSYoungGen      total 61952K, used 45567K [0x00000000f5580000, 0x00000000fa400000, 0x0000000100000000)
  eden space 45568K, 99% used [0x00000000f5580000,0x00000000f81ffff0,0x00000000f8200000)
  from space 16384K, 0% used [0x00000000f8200000,0x00000000f8200000,0x00000000f9200000)
  to   space 15360K, 0% used [0x00000000f9300000,0x00000000f9300000,0x00000000fa200000)
 ParOldGen       total 349696K, used 349689K [0x00000000e0000000, 0x00000000f5580000, 0x00000000f5580000)
  object space 349696K, 99% used [0x00000000e0000000,0x00000000f557e538,0x00000000f5580000)
 Metaspace       used 59171K, committed 60096K, reserved 1105920K
  class space    used 5656K, committed 6144K, reserved 1048576K
}
Event: 605.367 GC heap after
{Heap after GC invocations=371 (full 282):
 PSYoungGen      total 60928K, used 45567K [0x00000000f5580000, 0x00000000fa400000, 0x0000000100000000)
  eden space 45568K, 99% used [0x00000000f5580000,0x00000000f81fff18,0x00000000f8200000)
  from space 15360K, 0% used [0x00000000f9300000,0x00000000f9300000,0x00000000fa200000)
  to   space 16384K, 0% used [0x00000000f8200000,0x00000000f8200000,0x00000000f9200000)
 ParOldGen       total 349696K, used 349689K [0x00000000e0000000, 0x00000000f5580000, 0x00000000f5580000)
  object space 349696K, 99% used [0x00000000e0000000,0x00000000f557e538,0x00000000f5580000)
 Metaspace       used 59171K, committed 60096K, reserved 1105920K
  class space    used 5656K, committed 6144K, reserved 1048576K
}
Event: 605.371 GC heap before
{Heap before GC invocations=372 (full 283):
 PSYoungGen      total 60928K, used 45567K [0x00000000f5580000, 0x00000000fa400000, 0x0000000100000000)
  eden space 45568K, 99% used [0x00000000f5580000,0x00000000f81fffc8,0x00000000f8200000)
  from space 15360K, 0% used [0x00000000f9300000,0x00000000f9300000,0x00000000fa200000)
  to   space 16384K, 0% used [0x00000000f8200000,0x00000000f8200000,0x00000000f9200000)
 ParOldGen       total 349696K, used 349689K [0x00000000e0000000, 0x00000000f5580000, 0x00000000f5580000)
  object space 349696K, 99% used [0x00000000e0000000,0x00000000f557e538,0x00000000f5580000)
 Metaspace       used 59171K, committed 60096K, reserved 1105920K
  class space    used 5656K, committed 6144K, reserved 1048576K
}
Event: 606.779 GC heap after
{Heap after GC invocations=372 (full 283):
 PSYoungGen      total 61952K, used 45567K [0x00000000f5580000, 0x00000000fa400000, 0x0000000100000000)
  eden space 45568K, 99% used [0x00000000f5580000,0x00000000f81fffa8,0x00000000f8200000)
  from space 16384K, 0% used [0x00000000f8200000,0x00000000f8200000,0x00000000f9200000)
  to   space 15360K, 0% used [0x00000000f9300000,0x00000000f9300000,0x00000000fa200000)
 ParOldGen       total 349696K, used 349689K [0x00000000e0000000, 0x00000000f5580000, 0x00000000f5580000)
  object space 349696K, 99% used [0x00000000e0000000,0x00000000f557e538,0x00000000f5580000)
 Metaspace       used 59171K, committed 60096K, reserved 1105920K
  class space    used 5656K, committed 6144K, reserved 1048576K
}
Event: 606.779 GC heap before
{Heap before GC invocations=373 (full 284):
 PSYoungGen      total 61952K, used 45568K [0x00000000f5580000, 0x00000000fa400000, 0x0000000100000000)
  eden space 45568K, 100% used [0x00000000f5580000,0x00000000f8200000,0x00000000f8200000)
  from space 16384K, 0% used [0x00000000f8200000,0x00000000f8200000,0x00000000f9200000)
  to   space 15360K, 0% used [0x00000000f9300000,0x00000000f9300000,0x00000000fa200000)
 ParOldGen       total 349696K, used 349689K [0x00000000e0000000, 0x00000000f5580000, 0x00000000f5580000)
  object space 349696K, 99% used [0x00000000e0000000,0x00000000f557e538,0x00000000f5580000)
 Metaspace       used 59171K, committed 60096K, reserved 1105920K
  class space    used 5656K, committed 6144K, reserved 1048576K
}
Event: 608.224 GC heap after
{Heap after GC invocations=373 (full 284):
 PSYoungGen      total 60928K, used 45567K [0x00000000f5580000, 0x00000000fa400000, 0x0000000100000000)
  eden space 45568K, 99% used [0x00000000f5580000,0x00000000f81fffe0,0x00000000f8200000)
  from space 15360K, 0% used [0x00000000f9300000,0x00000000f9300000,0x00000000fa200000)
  to   space 16384K, 0% used [0x00000000f8200000,0x00000000f8200000,0x00000000f9200000)
 ParOldGen       total 349696K, used 349689K [0x00000000e0000000, 0x00000000f5580000, 0x00000000f5580000)
  object space 349696K, 99% used [0x00000000e0000000,0x00000000f557e538,0x00000000f5580000)
 Metaspace       used 59171K, committed 60096K, reserved 1105920K
  class space    used 5656K, committed 6144K, reserved 1048576K
}
Event: 608.227 GC heap before
{Heap before GC invocations=374 (full 285):
 PSYoungGen      total 60928K, used 45567K [0x00000000f5580000, 0x00000000fa400000, 0x0000000100000000)
  eden space 45568K, 99% used [0x00000000f5580000,0x00000000f81ffff8,0x00000000f8200000)
  from space 15360K, 0% used [0x00000000f9300000,0x00000000f9300000,0x00000000fa200000)
  to   space 16384K, 0% used [0x00000000f8200000,0x00000000f8200000,0x00000000f9200000)
 ParOldGen       total 349696K, used 349689K [0x00000000e0000000, 0x00000000f5580000, 0x00000000f5580000)
  object space 349696K, 99% used [0x00000000e0000000,0x00000000f557e538,0x00000000f5580000)
 Metaspace       used 59171K, committed 60096K, reserved 1105920K
  class space    used 5656K, committed 6144K, reserved 1048576K
}
Event: 609.661 GC heap after
{Heap after GC invocations=374 (full 285):
 PSYoungGen      total 61952K, used 45567K [0x00000000f5580000, 0x00000000fa400000, 0x0000000100000000)
  eden space 45568K, 99% used [0x00000000f5580000,0x00000000f81ffff8,0x00000000f8200000)
  from space 16384K, 0% used [0x00000000f8200000,0x00000000f8200000,0x00000000f9200000)
  to   space 15360K, 0% used [0x00000000f9300000,0x00000000f9300000,0x00000000fa200000)
 ParOldGen       total 349696K, used 349689K [0x00000000e0000000, 0x00000000f5580000, 0x00000000f5580000)
  object space 349696K, 99% used [0x00000000e0000000,0x00000000f557e538,0x00000000f5580000)
 Metaspace       used 59171K, committed 60096K, reserved 1105920K
  class space    used 5656K, committed 6144K, reserved 1048576K
}
Event: 609.662 GC heap before
{Heap before GC invocations=375 (full 286):
 PSYoungGen      total 61952K, used 45567K [0x00000000f5580000, 0x00000000fa400000, 0x0000000100000000)
  eden space 45568K, 99% used [0x00000000f5580000,0x00000000f81ffff8,0x00000000f8200000)
  from space 16384K, 0% used [0x00000000f8200000,0x00000000f8200000,0x00000000f9200000)
  to   space 15360K, 0% used [0x00000000f9300000,0x00000000f9300000,0x00000000fa200000)
 ParOldGen       total 349696K, used 349691K [0x00000000e0000000, 0x00000000f5580000, 0x00000000f5580000)
  object space 349696K, 99% used [0x00000000e0000000,0x00000000f557eee0,0x00000000f5580000)
 Metaspace       used 59171K, committed 60096K, reserved 1105920K
  class space    used 5656K, committed 6144K, reserved 1048576K
}
Event: 611.057 GC heap after
{Heap after GC invocations=375 (full 286):
 PSYoungGen      total 60928K, used 45567K [0x00000000f5580000, 0x00000000fa400000, 0x0000000100000000)
  eden space 45568K, 99% used [0x00000000f5580000,0x00000000f81ffd90,0x00000000f8200000)
  from space 15360K, 0% used [0x00000000f9300000,0x00000000f9300000,0x00000000fa200000)
  to   space 16384K, 0% used [0x00000000f8200000,0x00000000f8200000,0x00000000f9200000)
 ParOldGen       total 349696K, used 349691K [0x00000000e0000000, 0x00000000f5580000, 0x00000000f5580000)
  object space 349696K, 99% used [0x00000000e0000000,0x00000000f557eee0,0x00000000f5580000)
 Metaspace       used 59171K, committed 60096K, reserved 1105920K
  class space    used 5656K, committed 6144K, reserved 1048576K
}
Event: 611.058 GC heap before
{Heap before GC invocations=376 (full 287):
 PSYoungGen      total 60928K, used 45567K [0x00000000f5580000, 0x00000000fa400000, 0x0000000100000000)
  eden space 45568K, 99% used [0x00000000f5580000,0x00000000f81ffe10,0x00000000f8200000)
  from space 15360K, 0% used [0x00000000f9300000,0x00000000f9300000,0x00000000fa200000)
  to   space 16384K, 0% used [0x00000000f8200000,0x00000000f8200000,0x00000000f9200000)
 ParOldGen       total 349696K, used 349691K [0x00000000e0000000, 0x00000000f5580000, 0x00000000f5580000)
  object space 349696K, 99% used [0x00000000e0000000,0x00000000f557eee0,0x00000000f5580000)
 Metaspace       used 59171K, committed 60096K, reserved 1105920K
  class space    used 5656K, committed 6144K, reserved 1048576K
}
Event: 612.558 GC heap after
{Heap after GC invocations=376 (full 287):
 PSYoungGen      total 61952K, used 45567K [0x00000000f5580000, 0x00000000fa400000, 0x0000000100000000)
  eden space 45568K, 99% used [0x00000000f5580000,0x00000000f81ffe10,0x00000000f8200000)
  from space 16384K, 0% used [0x00000000f8200000,0x00000000f8200000,0x00000000f9200000)
  to   space 15360K, 0% used [0x00000000f9300000,0x00000000f9300000,0x00000000fa200000)
 ParOldGen       total 349696K, used 349691K [0x00000000e0000000, 0x00000000f5580000, 0x00000000f5580000)
  object space 349696K, 99% used [0x00000000e0000000,0x00000000f557eeb0,0x00000000f5580000)
 Metaspace       used 59171K, committed 60096K, reserved 1105920K
  class space    used 5656K, committed 6144K, reserved 1048576K
}
Event: 612.558 GC heap before
{Heap before GC invocations=377 (full 288):
 PSYoungGen      total 61952K, used 45567K [0x00000000f5580000, 0x00000000fa400000, 0x0000000100000000)
  eden space 45568K, 99% used [0x00000000f5580000,0x00000000f81ffff8,0x00000000f8200000)
  from space 16384K, 0% used [0x00000000f8200000,0x00000000f8200000,0x00000000f9200000)
  to   space 15360K, 0% used [0x00000000f9300000,0x00000000f9300000,0x00000000fa200000)
 ParOldGen       total 349696K, used 349694K [0x00000000e0000000, 0x00000000f5580000, 0x00000000f5580000)
  object space 349696K, 99% used [0x00000000e0000000,0x00000000f557f8a8,0x00000000f5580000)
 Metaspace       used 59171K, committed 60096K, reserved 1105920K
  class space    used 5656K, committed 6144K, reserved 1048576K
}
Event: 614.088 GC heap after
{Heap after GC invocations=377 (full 288):
 PSYoungGen      total 60928K, used 45567K [0x00000000f5580000, 0x00000000fa400000, 0x0000000100000000)
  eden space 45568K, 99% used [0x00000000f5580000,0x00000000f81fff78,0x00000000f8200000)
  from space 15360K, 0% used [0x00000000f9300000,0x00000000f9300000,0x00000000fa200000)
  to   space 16384K, 0% used [0x00000000f8200000,0x00000000f8200000,0x00000000f9200000)
 ParOldGen       total 349696K, used 349693K [0x00000000e0000000, 0x00000000f5580000, 0x00000000f5580000)
  object space 349696K, 99% used [0x00000000e0000000,0x00000000f557f5a0,0x00000000f5580000)
 Metaspace       used 59171K, committed 60096K, reserved 1105920K
  class space    used 5656K, committed 6144K, reserved 1048576K
}
Event: 614.088 GC heap before
{Heap before GC invocations=378 (full 289):
 PSYoungGen      total 60928K, used 45567K [0x00000000f5580000, 0x00000000fa400000, 0x0000000100000000)
  eden space 45568K, 99% used [0x00000000f5580000,0x00000000f81fff78,0x00000000f8200000)
  from space 15360K, 0% used [0x00000000f9300000,0x00000000f9300000,0x00000000fa200000)
  to   space 16384K, 0% used [0x00000000f8200000,0x00000000f8200000,0x00000000f9200000)
 ParOldGen       total 349696K, used 349693K [0x00000000e0000000, 0x00000000f5580000, 0x00000000f5580000)
  object space 349696K, 99% used [0x00000000e0000000,0x00000000f557f5a0,0x00000000f5580000)
 Metaspace       used 59171K, committed 60096K, reserved 1105920K
  class space    used 5656K, committed 6144K, reserved 1048576K
}
Event: 615.579 GC heap after
{Heap after GC invocations=378 (full 289):
 PSYoungGen      total 61952K, used 45567K [0x00000000f5580000, 0x00000000fa400000, 0x0000000100000000)
  eden space 45568K, 99% used [0x00000000f5580000,0x00000000f81fff78,0x00000000f8200000)
  from space 16384K, 0% used [0x00000000f8200000,0x00000000f8200000,0x00000000f9200000)
  to   space 15360K, 0% used [0x00000000f9300000,0x00000000f9300000,0x00000000fa200000)
 ParOldGen       total 349696K, used 349693K [0x00000000e0000000, 0x00000000f5580000, 0x00000000f5580000)
  object space 349696K, 99% used [0x00000000e0000000,0x00000000f557f5a0,0x00000000f5580000)
 Metaspace       used 59171K, committed 60096K, reserved 1105920K
  class space    used 5656K, committed 6144K, reserved 1048576K
}

